<?xml version="1.0" encoding="UTF-8"?>
<TestRun id="3eba66f6-5f3a-4fb0-813a-9dd197338042" name="lcosta@MSS-RJ-215 2009-12-18 16:21:39" runUser="MSS\lcosta" xmlns="http://microsoft.com/schemas/VisualStudio/TeamTest/2010">
  <TestSettings name="Local" id="456d97a2-9272-4fad-aa33-68743b47866c">
    <Description>These are default test settings for a local test run.</Description>
    <Deployment enabled="false" runDeploymentRoot="lcosta_MSS-RJ-215 2009-12-18 16_21_39">
      <DeploymentItem filename="D:\Luiz\projetos\restfulie-dotNet\RestfulieClient\RestfulieClient\RestfuliClientTests\bin\Debug\Rhino.Mocks.dll" />
      <DeploymentItem filename="D:\Luiz\projetos\restfulie-dotNet\RestfulieClient\RestfulieClient\RestfulieClient\bin\Debug\RestfulieClient.dll" />
    </Deployment>
    <Execution>
      <TestTypeSpecific />
      <AgentRule name="Execution Agents">
      </AgentRule>
    </Execution>
  </TestSettings>
  <Times creation="2009-12-18T16:21:39.3186098-02:00" queuing="2009-12-18T16:21:40.5116098-02:00" start="2009-12-18T16:21:40.6276098-02:00" finish="2009-12-18T16:22:34.4686098-02:00" />
  <ResultSummary outcome="Error">
    <Counters total="1" executed="1" error="0" failed="0" timeout="0" aborted="1" inconclusive="0" passedButRunAborted="0" notRunnable="0" notExecuted="0" disconnected="0" warning="0" passed="0" completed="0" inProgress="0" pending="0" />
    <RunInfos>
      <RunInfo computerName="MSS-RJ-215" outcome="Error" timestamp="2009-12-18T16:22:34.4676098-02:00">
        <Text>Test host process exited unexpectedly.</Text>
      </RunInfo>
    </RunInfos>
  </ResultSummary>
  <TestDefinitions>
    <UnitTest name="LearningToReadAAtomLinkInXml" storage="d:\luiz\projetos\restfulie-dotnet\restfulieclient\restfulieclient\restfuliclienttests\bin\debug\restfuliclienttests.dll" id="f259dcfd-b0fc-ff4d-e19a-3f823d4cb031">
      <Execution id="9df83cc4-d188-4a77-bf73-ba8ea3d38d68" />
      <TestMethod codeBase="D:/Luiz/projetos/restfulie-dotNet/RestfulieClient/RestfulieClient/RestfuliClientTests/bin/Debug/RestfuliClientTests.DLL" adapterTypeName="Microsoft.VisualStudio.TestTools.TestTypes.Unit.UnitTestAdapter, Microsoft.VisualStudio.QualityTools.Tips.UnitTest.Adapter, Version=10.0.0.0, Culture=neutral, PublicKeyToken=b03f5f7f11d50a3a" className="RestfuliClientTests.DynamicXmlResourceTest, RestfuliClientTests, Version=1.0.0.0, Culture=neutral, PublicKeyToken=null" name="LearningToReadAAtomLinkInXml" />
    </UnitTest>
  </TestDefinitions>
  <TestLists>
    <TestList name="Results Not in a List" id="8c84fa94-04c1-424b-9868-57a2d4851a1d" />
    <TestList name="All Loaded Results" id="19431567-8539-422a-85d7-44ee4e166bda" />
  </TestLists>
  <TestEntries>
    <TestEntry testId="f259dcfd-b0fc-ff4d-e19a-3f823d4cb031" executionId="9df83cc4-d188-4a77-bf73-ba8ea3d38d68" testListId="8c84fa94-04c1-424b-9868-57a2d4851a1d" />
  </TestEntries>
  <Results>
    <UnitTestResult executionId="9df83cc4-d188-4a77-bf73-ba8ea3d38d68" testId="f259dcfd-b0fc-ff4d-e19a-3f823d4cb031" testName="LearningToReadAAtomLinkInXml" computerName="MSS-RJ-215" duration="00:00:53.6990000" startTime="2009-12-18T16:21:40.7696098-02:00" endTime="2009-12-18T16:22:34.4686098-02:00" testType="13cdc9d9-ddb5-4fa4-a97d-d965ccfc6d4b" outcome="Aborted" testListId="8c84fa94-04c1-424b-9868-57a2d4851a1d" relativeResultsDirectory="9df83cc4-d188-4a77-bf73-ba8ea3d38d68">
    </UnitTestResult>
  </Results>
</TestRun>