<?xml version="1.0" encoding="UTF-8"?>
<TestRun id="2099c388-a320-4c78-abee-4b900a25138b" name="lcosta@MSS-RJ-215 2009-12-18 16:22:47" runUser="MSS\lcosta" xmlns="http://microsoft.com/schemas/VisualStudio/TeamTest/2010">
  <TestSettings name="Local" id="456d97a2-9272-4fad-aa33-68743b47866c">
    <Description>These are default test settings for a local test run.</Description>
    <Deployment enabled="false" runDeploymentRoot="lcosta_MSS-RJ-215 2009-12-18 16_22_47">
      <DeploymentItem filename="D:\Luiz\projetos\restfulie-dotNet\RestfulieClient\RestfulieClient\RestfuliClientTests\bin\Debug\Rhino.Mocks.dll" />
      <DeploymentItem filename="D:\Luiz\projetos\restfulie-dotNet\RestfulieClient\RestfulieClient\RestfulieClient\bin\Debug\RestfulieClient.dll" />
    </Deployment>
    <Execution>
      <TestTypeSpecific />
      <AgentRule name="Execution Agents">
      </AgentRule>
    </Execution>
  </TestSettings>
  <Times creation="2009-12-18T16:22:47.4956098-02:00" queuing="2009-12-18T16:22:48.6576098-02:00" start="2009-12-18T16:22:48.7656098-02:00" finish="2009-12-18T16:23:22.5516098-02:00" />
  <ResultSummary outcome="Completed">
    <Counters total="1" executed="1" passed="1" error="0" failed="0" timeout="0" aborted="0" inconclusive="0" passedButRunAborted="0" notRunnable="0" notExecuted="0" disconnected="0" warning="0" completed="0" inProgress="0" pending="0" />
  </ResultSummary>
  <TestDefinitions>
    <UnitTest name="LearningToReadAAtomLinkInXml" storage="d:\luiz\projetos\restfulie-dotnet\restfulieclient\restfulieclient\restfuliclienttests\bin\debug\restfuliclienttests.dll" id="f259dcfd-b0fc-ff4d-e19a-3f823d4cb031">
      <Execution id="ef05cf7c-e7fe-4b94-81df-1078ae82d305" />
      <TestMethod codeBase="D:/Luiz/projetos/restfulie-dotNet/RestfulieClient/RestfulieClient/RestfuliClientTests/bin/Debug/RestfuliClientTests.DLL" adapterTypeName="Microsoft.VisualStudio.TestTools.TestTypes.Unit.UnitTestAdapter, Microsoft.VisualStudio.QualityTools.Tips.UnitTest.Adapter, Version=10.0.0.0, Culture=neutral, PublicKeyToken=b03f5f7f11d50a3a" className="RestfuliClientTests.DynamicXmlResourceTest, RestfuliClientTests, Version=1.0.0.0, Culture=neutral, PublicKeyToken=null" name="LearningToReadAAtomLinkInXml" />
    </UnitTest>
  </TestDefinitions>
  <TestLists>
    <TestList name="Results Not in a List" id="8c84fa94-04c1-424b-9868-57a2d4851a1d" />
    <TestList name="All Loaded Results" id="19431567-8539-422a-85d7-44ee4e166bda" />
  </TestLists>
  <TestEntries>
    <TestEntry testId="f259dcfd-b0fc-ff4d-e19a-3f823d4cb031" executionId="ef05cf7c-e7fe-4b94-81df-1078ae82d305" testListId="8c84fa94-04c1-424b-9868-57a2d4851a1d" />
  </TestEntries>
  <Results>
    <UnitTestResult executionId="ef05cf7c-e7fe-4b94-81df-1078ae82d305" testId="f259dcfd-b0fc-ff4d-e19a-3f823d4cb031" testName="LearningToReadAAtomLinkInXml" computerName="MSS-RJ-215" duration="00:00:32.1759903" startTime="2009-12-18T16:22:48.9076098-02:00" endTime="2009-12-18T16:23:22.3986098-02:00" testType="13cdc9d9-ddb5-4fa4-a97d-d965ccfc6d4b" outcome="Passed" testListId="8c84fa94-04c1-424b-9868-57a2d4851a1d" relativeResultsDirectory="ef05cf7c-e7fe-4b94-81df-1078ae82d305">
    </UnitTestResult>
  </Results>
</TestRun>