<?xml version="1.0" encoding="UTF-8"?>
<TestRun id="07c75d91-63b5-4716-a370-80957250b507" name="lcosta@MSS-RJ-215 2009-12-18 15:40:27" runUser="MSS\lcosta" xmlns="http://microsoft.com/schemas/VisualStudio/TeamTest/2010">
  <TestSettings name="Local" id="456d97a2-9272-4fad-aa33-68743b47866c">
    <Description>These are default test settings for a local test run.</Description>
    <Deployment enabled="false" runDeploymentRoot="lcosta_MSS-RJ-215 2009-12-18 15_40_27">
      <DeploymentItem filename="D:\Luiz\projetos\restfulie-dotNet\RestfulieClient\RestfulieClient\RestfuliClientTests\bin\Debug\Rhino.Mocks.dll" />
      <DeploymentItem filename="D:\Luiz\projetos\restfulie-dotNet\RestfulieClient\RestfulieClient\RestfulieClient\bin\Debug\RestfulieClient.dll" />
    </Deployment>
    <Execution>
      <TestTypeSpecific />
      <AgentRule name="Execution Agents">
      </AgentRule>
    </Execution>
  </TestSettings>
  <Times creation="2009-12-18T15:40:27.0076098-02:00" queuing="2009-12-18T15:40:27.1086098-02:00" start="2009-12-18T15:40:27.1176098-02:00" finish="2009-12-18T15:40:28.1356098-02:00" />
  <ResultSummary outcome="Failed">
    <Counters total="1" executed="1" error="0" failed="1" timeout="0" aborted="0" inconclusive="0" passedButRunAborted="0" notRunnable="0" notExecuted="0" disconnected="0" warning="0" passed="0" completed="0" inProgress="0" pending="0" />
  </ResultSummary>
  <TestDefinitions>
    <UnitTest name="LearningToReadAAtomLinkInXml" storage="d:\luiz\projetos\restfulie-dotnet\restfulieclient\restfulieclient\restfuliclienttests\bin\debug\restfuliclienttests.dll" id="f259dcfd-b0fc-ff4d-e19a-3f823d4cb031">
      <Execution id="cb276d10-9671-4ab8-9851-c957eb092e32" />
      <TestMethod codeBase="D:/Luiz/projetos/restfulie-dotNet/RestfulieClient/RestfulieClient/RestfuliClientTests/bin/Debug/RestfuliClientTests.DLL" adapterTypeName="Microsoft.VisualStudio.TestTools.TestTypes.Unit.UnitTestAdapter, Microsoft.VisualStudio.QualityTools.Tips.UnitTest.Adapter, Version=10.0.0.0, Culture=neutral, PublicKeyToken=b03f5f7f11d50a3a" className="RestfuliClientTests.DynamicXmlResourceTest, RestfuliClientTests, Version=1.0.0.0, Culture=neutral, PublicKeyToken=null" name="LearningToReadAAtomLinkInXml" />
    </UnitTest>
  </TestDefinitions>
  <TestLists>
    <TestList name="Results Not in a List" id="8c84fa94-04c1-424b-9868-57a2d4851a1d" />
    <TestList name="All Loaded Results" id="19431567-8539-422a-85d7-44ee4e166bda" />
  </TestLists>
  <TestEntries>
    <TestEntry testId="f259dcfd-b0fc-ff4d-e19a-3f823d4cb031" executionId="cb276d10-9671-4ab8-9851-c957eb092e32" testListId="8c84fa94-04c1-424b-9868-57a2d4851a1d" />
  </TestEntries>
  <Results>
    <UnitTestResult executionId="cb276d10-9671-4ab8-9851-c957eb092e32" testId="f259dcfd-b0fc-ff4d-e19a-3f823d4cb031" testName="LearningToReadAAtomLinkInXml" computerName="MSS-RJ-215" duration="00:00:00.4852159" startTime="2009-12-18T15:40:27.1186098-02:00" endTime="2009-12-18T15:40:28.1206098-02:00" testType="13cdc9d9-ddb5-4fa4-a97d-d965ccfc6d4b" outcome="Failed" testListId="8c84fa94-04c1-424b-9868-57a2d4851a1d" relativeResultsDirectory="cb276d10-9671-4ab8-9851-c957eb092e32">
      <Output>
        <ErrorInfo>
          <Message>Test method RestfuliClientTests.DynamicXmlResourceTest.LearningToReadAAtomLinkInXml threw exception: 
System.NullReferenceException: Object reference not set to an instance of an object.</Message>
          <StackTrace>    at RestfulieClient.resources.DynamicXmlResource.TryInvokeMember(InvokeMemberBinder binder, Object[] args, Object&amp; result) in C:\Documents and Settings\Luiz\Meus documentos\Luiz\projetos\dotNet\RestfulieClient\RestfulieClient\resources\DynamicXmlResource.cs:line 33
   at CallSite.Target(Closure , CallSite , Object )
   at System.Dynamic.UpdateDelegates.UpdateAndExecute1[T0,TRet](CallSite site, T0 arg0)
   at RestfuliClientTests.DynamicXmlResourceTest.LearningToReadAAtomLinkInXml() in D:\Luiz\projetos\restfulie-dotNet\RestfulieClient\RestfulieClient\RestfuliClientTests\DynamicXmlResourceTest.cs:line 97
</StackTrace>
        </ErrorInfo>
      </Output>
    </UnitTestResult>
  </Results>
</TestRun>