<?xml version="1.0" encoding="UTF-8"?>
<TestRun id="3bc39477-3e85-4680-9072-058546a753ea" name="Luiz@ZEMENINO 2009-12-23 10:51:12" runUser="ZEMENINO\Luiz" xmlns="http://microsoft.com/schemas/VisualStudio/TeamTest/2010">
  <TestSettings name="Local" id="456d97a2-9272-4fad-aa33-68743b47866c">
    <Description>These are default test settings for a local test run.</Description>
    <Deployment enabled="false" runDeploymentRoot="Luiz_ZEMENINO 2009-12-23 10_51_12">
      <DeploymentItem filename="C:\Documents and Settings\Luiz\Meus documentos\Luiz\projetos\dotNet\RestfulieClient\restfulie-dotNet\RestfulieClient\RestfulieClient\RestfuliClientTests\bin\Debug\Rhino.Mocks.dll" />
      <DeploymentItem filename="C:\Documents and Settings\Luiz\Meus documentos\Luiz\projetos\dotNet\RestfulieClient\restfulie-dotNet\RestfulieClient\RestfulieClient\RestfulieClient\bin\Debug\RestfulieClient.dll" />
    </Deployment>
    <Execution>
      <TestTypeSpecific />
      <AgentRule name="Execution Agents">
      </AgentRule>
    </Execution>
  </TestSettings>
  <Times creation="2009-12-23T10:51:12.4531250-02:00" queuing="2009-12-23T10:51:12.5000000-02:00" start="2009-12-23T10:51:12.5156250-02:00" finish="2009-12-23T10:51:13.6093750-02:00" />
  <ResultSummary outcome="Failed">
    <Counters total="8" executed="8" passed="6" error="0" failed="2" timeout="0" aborted="0" inconclusive="0" passedButRunAborted="0" notRunnable="0" notExecuted="0" disconnected="0" warning="0" completed="0" inProgress="0" pending="0" />
  </ResultSummary>
  <TestDefinitions>
    <UnitTest name="ShouldBePossibleToExecuteDynamicMethodsInResource" storage="c:\documents and settings\luiz\meus documentos\luiz\projetos\dotnet\restfulieclient\restfulie-dotnet\restfulieclient\restfulieclient\restfuliclienttests\bin\debug\restfuliclienttests.dll" id="9db7e05b-f371-1508-4150-883face9ffc6">
      <Execution id="2fd8fa7b-43a2-4531-bde1-702c99b13a40" />
      <TestMethod codeBase="C:/Documents and Settings/Luiz/Meus documentos/Luiz/projetos/dotNet/RestfulieClient/restfulie-dotNet/RestfulieClient/RestfulieClient/RestfuliClientTests/bin/Debug/RestfuliClientTests.DLL" adapterTypeName="Microsoft.VisualStudio.TestTools.TestTypes.Unit.UnitTestAdapter, Microsoft.VisualStudio.QualityTools.Tips.UnitTest.Adapter, Version=10.0.0.0, Culture=neutral, PublicKeyToken=b03f5f7f11d50a3a" className="RestfuliClientTests.DynamicXmlResourceTest, RestfuliClientTests, Version=1.0.0.0, Culture=neutral, PublicKeyToken=null" name="ShouldBePossibleToExecuteDynamicMethodsInResource" />
    </UnitTest>
    <UnitTest name="ShouldBeSendAGetForSomeTransitionNameThatIsNotSupported" storage="c:\documents and settings\luiz\meus documentos\luiz\projetos\dotnet\restfulieclient\restfulie-dotnet\restfulieclient\restfulieclient\restfuliclienttests\bin\debug\restfuliclienttests.dll" id="50d0f768-5def-b475-3350-01dc843a4446">
      <Execution id="059086a0-2fa7-4d2a-bcb6-3b7663940465" />
      <TestMethod codeBase="C:/Documents and Settings/Luiz/Meus documentos/Luiz/projetos/dotNet/RestfulieClient/restfulie-dotNet/RestfulieClient/RestfulieClient/RestfuliClientTests/bin/Debug/RestfuliClientTests.DLL" adapterTypeName="Microsoft.VisualStudio.TestTools.TestTypes.Unit.UnitTestAdapter, Microsoft.VisualStudio.QualityTools.Tips.UnitTest.Adapter, Version=10.0.0.0, Culture=neutral, PublicKeyToken=b03f5f7f11d50a3a" className="RestfuliClientTests.RestfulieHttpVerbDiscoveryTest, RestfuliClientTests, Version=1.0.0.0, Culture=neutral, PublicKeyToken=null" name="ShouldBeSendAGetForSomeTransitionNameThatIsNotSupported" />
    </UnitTest>
    <UnitTest name="ShouldSendAPOSTIfTheStateTransitionNameIsUpdate" storage="c:\documents and settings\luiz\meus documentos\luiz\projetos\dotnet\restfulieclient\restfulie-dotnet\restfulieclient\restfulieclient\restfuliclienttests\bin\debug\restfuliclienttests.dll" id="cbc2773b-0c0c-0ab1-2b27-d03d43cf5ba5">
      <Execution id="7bee66f6-9b7e-4d24-960a-b40af9c6dbd2" />
      <TestMethod codeBase="C:/Documents and Settings/Luiz/Meus documentos/Luiz/projetos/dotNet/RestfulieClient/restfulie-dotNet/RestfulieClient/RestfulieClient/RestfuliClientTests/bin/Debug/RestfuliClientTests.DLL" adapterTypeName="Microsoft.VisualStudio.TestTools.TestTypes.Unit.UnitTestAdapter, Microsoft.VisualStudio.QualityTools.Tips.UnitTest.Adapter, Version=10.0.0.0, Culture=neutral, PublicKeyToken=b03f5f7f11d50a3a" className="RestfuliClientTests.RestfulieHttpVerbDiscoveryTest, RestfuliClientTests, Version=1.0.0.0, Culture=neutral, PublicKeyToken=null" name="ShouldSendAPOSTIfTheStateTransitionNameIsUpdate" />
    </UnitTest>
    <UnitTest name="LearningToReadAAtomLinkInXml" storage="c:\documents and settings\luiz\meus documentos\luiz\projetos\dotnet\restfulieclient\restfulie-dotnet\restfulieclient\restfulieclient\restfuliclienttests\bin\debug\restfuliclienttests.dll" id="f259dcfd-b0fc-ff4d-e19a-3f823d4cb031">
      <Execution id="a1f603d3-0da8-41c8-a207-cb2aff74430c" />
      <TestMethod codeBase="C:/Documents and Settings/Luiz/Meus documentos/Luiz/projetos/dotNet/RestfulieClient/restfulie-dotNet/RestfulieClient/RestfulieClient/RestfuliClientTests/bin/Debug/RestfuliClientTests.DLL" adapterTypeName="Microsoft.VisualStudio.TestTools.TestTypes.Unit.UnitTestAdapter, Microsoft.VisualStudio.QualityTools.Tips.UnitTest.Adapter, Version=10.0.0.0, Culture=neutral, PublicKeyToken=b03f5f7f11d50a3a" className="RestfuliClientTests.DynamicXmlResourceTest, RestfuliClientTests, Version=1.0.0.0, Culture=neutral, PublicKeyToken=null" name="LearningToReadAAtomLinkInXml" />
    </UnitTest>
    <UnitTest name="ShoudBePossibleToLoadAResourceFromXml" storage="c:\documents and settings\luiz\meus documentos\luiz\projetos\dotnet\restfulieclient\restfulie-dotnet\restfulieclient\restfulieclient\restfuliclienttests\bin\debug\restfuliclienttests.dll" id="d67ac6a1-a5b7-23ec-7045-9e2ae068fef8">
      <Execution id="1ebe2d4a-b65f-4f4f-a929-c1f9a01d060e" />
      <TestMethod codeBase="C:/Documents and Settings/Luiz/Meus documentos/Luiz/projetos/dotNet/RestfulieClient/restfulie-dotNet/RestfulieClient/RestfulieClient/RestfuliClientTests/bin/Debug/RestfuliClientTests.DLL" adapterTypeName="Microsoft.VisualStudio.TestTools.TestTypes.Unit.UnitTestAdapter, Microsoft.VisualStudio.QualityTools.Tips.UnitTest.Adapter, Version=10.0.0.0, Culture=neutral, PublicKeyToken=b03f5f7f11d50a3a" className="RestfuliClientTests.ResourceServiceTest, RestfuliClientTests, Version=1.0.0.0, Culture=neutral, PublicKeyToken=null" name="ShoudBePossibleToLoadAResourceFromXml" />
    </UnitTest>
    <UnitTest name="ShouldSendADELETEIfTheStateTransitionNameIsCancelDestroyOrDelete" storage="c:\documents and settings\luiz\meus documentos\luiz\projetos\dotnet\restfulieclient\restfulie-dotnet\restfulieclient\restfulieclient\restfuliclienttests\bin\debug\restfuliclienttests.dll" id="a63ebef4-e52e-1b48-622f-e24b44b4cf1a">
      <Execution id="be5eb4a3-dbb6-4c33-bf85-59adf79ec1e3" />
      <TestMethod codeBase="C:/Documents and Settings/Luiz/Meus documentos/Luiz/projetos/dotNet/RestfulieClient/restfulie-dotNet/RestfulieClient/RestfulieClient/RestfuliClientTests/bin/Debug/RestfuliClientTests.DLL" adapterTypeName="Microsoft.VisualStudio.TestTools.TestTypes.Unit.UnitTestAdapter, Microsoft.VisualStudio.QualityTools.Tips.UnitTest.Adapter, Version=10.0.0.0, Culture=neutral, PublicKeyToken=b03f5f7f11d50a3a" className="RestfuliClientTests.RestfulieHttpVerbDiscoveryTest, RestfuliClientTests, Version=1.0.0.0, Culture=neutral, PublicKeyToken=null" name="ShouldSendADELETEIfTheStateTransitionNameIsCancelDestroyOrDelete" />
    </UnitTest>
    <UnitTest name="ShouldBeSendAGetIfTheStateTransitionNameIsRefreshReloadShowOrLatest" storage="c:\documents and settings\luiz\meus documentos\luiz\projetos\dotnet\restfulieclient\restfulie-dotnet\restfulieclient\restfulieclient\restfuliclienttests\bin\debug\restfuliclienttests.dll" id="77dd7c9e-87fe-f72c-f081-25ec26cecca2">
      <Execution id="81e2e754-04c9-4225-a661-5a8ceb786fe1" />
      <TestMethod codeBase="C:/Documents and Settings/Luiz/Meus documentos/Luiz/projetos/dotNet/RestfulieClient/restfulie-dotNet/RestfulieClient/RestfulieClient/RestfuliClientTests/bin/Debug/RestfuliClientTests.DLL" adapterTypeName="Microsoft.VisualStudio.TestTools.TestTypes.Unit.UnitTestAdapter, Microsoft.VisualStudio.QualityTools.Tips.UnitTest.Adapter, Version=10.0.0.0, Culture=neutral, PublicKeyToken=b03f5f7f11d50a3a" className="RestfuliClientTests.RestfulieHttpVerbDiscoveryTest, RestfuliClientTests, Version=1.0.0.0, Culture=neutral, PublicKeyToken=null" name="ShouldBeSendAGetIfTheStateTransitionNameIsRefreshReloadShowOrLatest" />
    </UnitTest>
    <UnitTest name="ShouldBePossibleToLoadAXmlByTheyDynamicObject" storage="c:\documents and settings\luiz\meus documentos\luiz\projetos\dotnet\restfulieclient\restfulie-dotnet\restfulieclient\restfulieclient\restfuliclienttests\bin\debug\restfuliclienttests.dll" id="d0323cf5-0177-9eb9-b002-fddc1f554fb9">
      <Execution id="5621f0cb-b1cb-48f5-9cb6-4e91f800cbb9" />
      <TestMethod codeBase="C:/Documents and Settings/Luiz/Meus documentos/Luiz/projetos/dotNet/RestfulieClient/restfulie-dotNet/RestfulieClient/RestfulieClient/RestfuliClientTests/bin/Debug/RestfuliClientTests.DLL" adapterTypeName="Microsoft.VisualStudio.TestTools.TestTypes.Unit.UnitTestAdapter, Microsoft.VisualStudio.QualityTools.Tips.UnitTest.Adapter, Version=10.0.0.0, Culture=neutral, PublicKeyToken=b03f5f7f11d50a3a" className="RestfuliClientTests.DynamicXmlResourceTest, RestfuliClientTests, Version=1.0.0.0, Culture=neutral, PublicKeyToken=null" name="ShouldBePossibleToLoadAXmlByTheyDynamicObject" />
    </UnitTest>
  </TestDefinitions>
  <TestLists>
    <TestList name="Results Not in a List" id="8c84fa94-04c1-424b-9868-57a2d4851a1d" />
    <TestList name="All Loaded Results" id="19431567-8539-422a-85d7-44ee4e166bda" />
  </TestLists>
  <TestEntries>
    <TestEntry testId="50d0f768-5def-b475-3350-01dc843a4446" executionId="059086a0-2fa7-4d2a-bcb6-3b7663940465" testListId="8c84fa94-04c1-424b-9868-57a2d4851a1d" />
    <TestEntry testId="77dd7c9e-87fe-f72c-f081-25ec26cecca2" executionId="81e2e754-04c9-4225-a661-5a8ceb786fe1" testListId="8c84fa94-04c1-424b-9868-57a2d4851a1d" />
    <TestEntry testId="9db7e05b-f371-1508-4150-883face9ffc6" executionId="2fd8fa7b-43a2-4531-bde1-702c99b13a40" testListId="8c84fa94-04c1-424b-9868-57a2d4851a1d" />
    <TestEntry testId="a63ebef4-e52e-1b48-622f-e24b44b4cf1a" executionId="be5eb4a3-dbb6-4c33-bf85-59adf79ec1e3" testListId="8c84fa94-04c1-424b-9868-57a2d4851a1d" />
    <TestEntry testId="cbc2773b-0c0c-0ab1-2b27-d03d43cf5ba5" executionId="7bee66f6-9b7e-4d24-960a-b40af9c6dbd2" testListId="8c84fa94-04c1-424b-9868-57a2d4851a1d" />
    <TestEntry testId="d0323cf5-0177-9eb9-b002-fddc1f554fb9" executionId="5621f0cb-b1cb-48f5-9cb6-4e91f800cbb9" testListId="8c84fa94-04c1-424b-9868-57a2d4851a1d" />
    <TestEntry testId="d67ac6a1-a5b7-23ec-7045-9e2ae068fef8" executionId="1ebe2d4a-b65f-4f4f-a929-c1f9a01d060e" testListId="8c84fa94-04c1-424b-9868-57a2d4851a1d" />
    <TestEntry testId="f259dcfd-b0fc-ff4d-e19a-3f823d4cb031" executionId="a1f603d3-0da8-41c8-a207-cb2aff74430c" testListId="8c84fa94-04c1-424b-9868-57a2d4851a1d" />
  </TestEntries>
  <Results>
    <UnitTestResult executionId="059086a0-2fa7-4d2a-bcb6-3b7663940465" testId="50d0f768-5def-b475-3350-01dc843a4446" testName="ShouldBeSendAGetForSomeTransitionNameThatIsNotSupported" computerName="ZEMENINO" duration="00:00:00.0742975" startTime="2009-12-23T10:51:12.5156250-02:00" endTime="2009-12-23T10:51:13.2343750-02:00" testType="13cdc9d9-ddb5-4fa4-a97d-d965ccfc6d4b" outcome="Failed" testListId="8c84fa94-04c1-424b-9868-57a2d4851a1d" relativeResultsDirectory="059086a0-2fa7-4d2a-bcb6-3b7663940465">
      <Output>
        <ErrorInfo>
          <Message>Assert.AreEqual failed. Expected:&lt;GET&gt;. Actual:&lt;get&gt;. </Message>
          <StackTrace>   at RestfuliClientTests.RestfulieHttpVerbDiscoveryTest.ShouldBeSendAGetForSomeTransitionNameThatIsNotSupported() in C:\Documents and Settings\Luiz\Meus documentos\Luiz\projetos\dotNet\RestfulieClient\restfulie-dotNet\RestfulieClient\RestfulieClient\RestfuliClientTests\RestfulieHttpVerbDiscoveryTest.cs:line 98
</StackTrace>
        </ErrorInfo>
      </Output>
    </UnitTestResult>
    <UnitTestResult executionId="81e2e754-04c9-4225-a661-5a8ceb786fe1" testId="77dd7c9e-87fe-f72c-f081-25ec26cecca2" testName="ShouldBeSendAGetIfTheStateTransitionNameIsRefreshReloadShowOrLatest" computerName="ZEMENINO" duration="00:00:00.0006294" startTime="2009-12-23T10:51:13.2343750-02:00" endTime="2009-12-23T10:51:13.2343750-02:00" testType="13cdc9d9-ddb5-4fa4-a97d-d965ccfc6d4b" outcome="Passed" testListId="8c84fa94-04c1-424b-9868-57a2d4851a1d" relativeResultsDirectory="81e2e754-04c9-4225-a661-5a8ceb786fe1">
    </UnitTestResult>
    <UnitTestResult executionId="2fd8fa7b-43a2-4531-bde1-702c99b13a40" testId="9db7e05b-f371-1508-4150-883face9ffc6" testName="ShouldBePossibleToExecuteDynamicMethodsInResource" computerName="ZEMENINO" duration="00:00:00.2998874" startTime="2009-12-23T10:51:13.2500000-02:00" endTime="2009-12-23T10:51:13.5468750-02:00" testType="13cdc9d9-ddb5-4fa4-a97d-d965ccfc6d4b" outcome="Passed" testListId="8c84fa94-04c1-424b-9868-57a2d4851a1d" relativeResultsDirectory="2fd8fa7b-43a2-4531-bde1-702c99b13a40">
    </UnitTestResult>
    <UnitTestResult executionId="be5eb4a3-dbb6-4c33-bf85-59adf79ec1e3" testId="a63ebef4-e52e-1b48-622f-e24b44b4cf1a" testName="ShouldSendADELETEIfTheStateTransitionNameIsCancelDestroyOrDelete" computerName="ZEMENINO" duration="00:00:00.0005077" startTime="2009-12-23T10:51:13.5468750-02:00" endTime="2009-12-23T10:51:13.5468750-02:00" testType="13cdc9d9-ddb5-4fa4-a97d-d965ccfc6d4b" outcome="Passed" testListId="8c84fa94-04c1-424b-9868-57a2d4851a1d" relativeResultsDirectory="be5eb4a3-dbb6-4c33-bf85-59adf79ec1e3">
    </UnitTestResult>
    <UnitTestResult executionId="7bee66f6-9b7e-4d24-960a-b40af9c6dbd2" testId="cbc2773b-0c0c-0ab1-2b27-d03d43cf5ba5" testName="ShouldSendAPOSTIfTheStateTransitionNameIsUpdate" computerName="ZEMENINO" duration="00:00:00.0006667" startTime="2009-12-23T10:51:13.5625000-02:00" endTime="2009-12-23T10:51:13.5625000-02:00" testType="13cdc9d9-ddb5-4fa4-a97d-d965ccfc6d4b" outcome="Failed" testListId="8c84fa94-04c1-424b-9868-57a2d4851a1d" relativeResultsDirectory="7bee66f6-9b7e-4d24-960a-b40af9c6dbd2">
      <Output>
        <ErrorInfo>
          <Message>Assert.AreEqual failed. Expected:&lt;POST&gt;. Actual:&lt;get&gt;. </Message>
          <StackTrace>   at RestfuliClientTests.RestfulieHttpVerbDiscoveryTest.ShouldSendAPOSTIfTheStateTransitionNameIsUpdate() in C:\Documents and Settings\Luiz\Meus documentos\Luiz\projetos\dotNet\RestfulieClient\restfulie-dotNet\RestfulieClient\RestfulieClient\RestfuliClientTests\RestfulieHttpVerbDiscoveryTest.cs:line 79
</StackTrace>
        </ErrorInfo>
      </Output>
    </UnitTestResult>
    <UnitTestResult executionId="5621f0cb-b1cb-48f5-9cb6-4e91f800cbb9" testId="d0323cf5-0177-9eb9-b002-fddc1f554fb9" testName="ShouldBePossibleToLoadAXmlByTheyDynamicObject" computerName="ZEMENINO" duration="00:00:00.0072321" startTime="2009-12-23T10:51:13.5625000-02:00" endTime="2009-12-23T10:51:13.5781250-02:00" testType="13cdc9d9-ddb5-4fa4-a97d-d965ccfc6d4b" outcome="Passed" testListId="8c84fa94-04c1-424b-9868-57a2d4851a1d" relativeResultsDirectory="5621f0cb-b1cb-48f5-9cb6-4e91f800cbb9">
    </UnitTestResult>
    <UnitTestResult executionId="1ebe2d4a-b65f-4f4f-a929-c1f9a01d060e" testId="d67ac6a1-a5b7-23ec-7045-9e2ae068fef8" testName="ShoudBePossibleToLoadAResourceFromXml" computerName="ZEMENINO" duration="00:00:00.0067271" startTime="2009-12-23T10:51:13.5781250-02:00" endTime="2009-12-23T10:51:13.5937500-02:00" testType="13cdc9d9-ddb5-4fa4-a97d-d965ccfc6d4b" outcome="Passed" testListId="8c84fa94-04c1-424b-9868-57a2d4851a1d" relativeResultsDirectory="1ebe2d4a-b65f-4f4f-a929-c1f9a01d060e">
    </UnitTestResult>
    <UnitTestResult executionId="a1f603d3-0da8-41c8-a207-cb2aff74430c" testId="f259dcfd-b0fc-ff4d-e19a-3f823d4cb031" testName="LearningToReadAAtomLinkInXml" computerName="ZEMENINO" duration="00:00:00.0056011" startTime="2009-12-23T10:51:13.5937500-02:00" endTime="2009-12-23T10:51:13.5937500-02:00" testType="13cdc9d9-ddb5-4fa4-a97d-d965ccfc6d4b" outcome="Passed" testListId="8c84fa94-04c1-424b-9868-57a2d4851a1d" relativeResultsDirectory="a1f603d3-0da8-41c8-a207-cb2aff74430c">
    </UnitTestResult>
  </Results>
</TestRun>