<?xml version="1.0" encoding="UTF-8"?>
<TestRun id="b3f9ea16-cdff-43bd-bd5a-d77bb250a7ae" name="Luiz@ZEMENINO 2009-12-18 00:27:36" runUser="ZEMENINO\Luiz" xmlns="http://microsoft.com/schemas/VisualStudio/TeamTest/2010">
  <TestSettings name="Local" id="456d97a2-9272-4fad-aa33-68743b47866c">
    <Description>These are default test settings for a local test run.</Description>
    <Deployment enabled="false" runDeploymentRoot="Luiz_ZEMENINO 2009-12-18 00_27_36">
      <DeploymentItem filename="C:\Documents and Settings\Luiz\Meus documentos\Luiz\projetos\dotNet\RestfulieClient\RestfulieClient\bin\Debug\RestfulieClient.dll" />
      <DeploymentItem filename="C:\Documents and Settings\Luiz\Meus documentos\Luiz\projetos\dotNet\libs\Rhino.Mocks-3.6\Rhino.Mocks.dll" />
    </Deployment>
    <Execution>
      <TestTypeSpecific />
      <AgentRule name="Execution Agents">
      </AgentRule>
    </Execution>
  </TestSettings>
  <Times creation="2009-12-18T00:27:36.3281250-02:00" queuing="2009-12-18T00:27:37.7656250-02:00" start="2009-12-18T00:27:37.9531250-02:00" finish="2009-12-18T00:28:00.6406250-02:00" />
  <ResultSummary outcome="Error">
    <Counters total="1" executed="1" error="0" failed="0" timeout="0" aborted="1" inconclusive="0" passedButRunAborted="0" notRunnable="0" notExecuted="0" disconnected="0" warning="0" passed="0" completed="0" inProgress="0" pending="0" />
    <RunInfos>
      <RunInfo computerName="ZEMENINO" outcome="Error" timestamp="2009-12-18T00:28:00.6406250-02:00">
        <Text>Test host process exited unexpectedly.</Text>
      </RunInfo>
    </RunInfos>
  </ResultSummary>
  <TestDefinitions>
    <UnitTest name="ShouldBePossibleToExecuteATransitionOfStateOfAResource" storage="c:\documents and settings\luiz\meus documentos\luiz\projetos\dotnet\restfulieclient\restfuliclienttests\bin\debug\restfuliclienttests.dll" id="f87c3ade-4578-45ff-7288-948836899def">
      <Execution id="e0a287f3-181a-4854-b07b-ee3f8649470b" />
      <TestMethod codeBase="C:/Documents and Settings/Luiz/Meus documentos/Luiz/projetos/dotNet/RestfulieClient/RestfuliClientTests/bin/Debug/RestfuliClientTests.DLL" adapterTypeName="Microsoft.VisualStudio.TestTools.TestTypes.Unit.UnitTestAdapter, Microsoft.VisualStudio.QualityTools.Tips.UnitTest.Adapter, Version=10.0.0.0, Culture=neutral, PublicKeyToken=b03f5f7f11d50a3a" className="RestfuliClientTests.ResourceServiceTest, RestfuliClientTests, Version=1.0.0.0, Culture=neutral, PublicKeyToken=null" name="ShouldBePossibleToExecuteATransitionOfStateOfAResource" />
    </UnitTest>
  </TestDefinitions>
  <TestLists>
    <TestList name="Results Not in a List" id="8c84fa94-04c1-424b-9868-57a2d4851a1d" />
    <TestList name="All Loaded Results" id="19431567-8539-422a-85d7-44ee4e166bda" />
  </TestLists>
  <TestEntries>
    <TestEntry testId="f87c3ade-4578-45ff-7288-948836899def" executionId="e0a287f3-181a-4854-b07b-ee3f8649470b" testListId="8c84fa94-04c1-424b-9868-57a2d4851a1d" />
  </TestEntries>
  <Results>
    <UnitTestResult executionId="e0a287f3-181a-4854-b07b-ee3f8649470b" testId="f87c3ade-4578-45ff-7288-948836899def" testName="ShouldBePossibleToExecuteATransitionOfStateOfAResource" computerName="ZEMENINO" duration="00:00:22.5156250" startTime="2009-12-18T00:27:38.1250000-02:00" endTime="2009-12-18T00:28:00.6406250-02:00" testType="13cdc9d9-ddb5-4fa4-a97d-d965ccfc6d4b" outcome="Aborted" testListId="8c84fa94-04c1-424b-9868-57a2d4851a1d" relativeResultsDirectory="e0a287f3-181a-4854-b07b-ee3f8649470b">
    </UnitTestResult>
  </Results>
</TestRun>